[debug] [2021-04-26T19:36:57.736Z] ----------------------------------------------------------------------
[debug] [2021-04-26T19:36:57.740Z] Command:       C:\Program Files\nodejs\node.exe C:\Users\jbart\AppData\Roaming\npm\node_modules\firebase-tools\lib\bin\firebase.js deploy --only hosting
[debug] [2021-04-26T19:36:57.740Z] CLI Version:   8.7.0
[debug] [2021-04-26T19:36:57.740Z] Platform:      win32
[debug] [2021-04-26T19:36:57.740Z] Node Version:  v12.13.0
[debug] [2021-04-26T19:36:57.756Z] Time:          Mon Apr 26 2021 21:36:57 GMT+0200 (Central European Summer Time)
[debug] [2021-04-26T19:36:57.756Z] ----------------------------------------------------------------------
[debug] [2021-04-26T19:36:57.756Z] 
[debug] [2021-04-26T19:36:57.771Z] > command requires scopes: ["email","openid","https://www.googleapis.com/auth/cloudplatformprojects.readonly","https://www.googleapis.com/auth/firebase","https://www.googleapis.com/auth/cloud-platform"]
[debug] [2021-04-26T19:36:57.772Z] > authorizing via signed-in user
[debug] [2021-04-26T19:36:57.772Z] [iam] checking project champions-youth for permissions ["firebase.projects.get","firebasehosting.sites.update"]
[debug] [2021-04-26T19:36:57.776Z] >>> HTTP REQUEST POST https://cloudresourcemanager.googleapis.com/v1/projects/champions-youth:testIamPermissions  
 {"permissions":["firebase.projects.get","firebasehosting.sites.update"]}
[debug] [2021-04-26T19:37:09.555Z] [iam] error while checking permissions, command may fail: FirebaseError: Server Error. getaddrinfo ENOTFOUND cloudresourcemanager.googleapis.com
[debug] [2021-04-26T19:37:09.556Z] >>> HTTP REQUEST GET https://firebase.googleapis.com/v1beta1/projects/champions-youth  
 
[debug] [2021-04-26T19:37:21.745Z] <<< HTTP RESPONSE 200 {"content-type":"application/json; charset=UTF-8","vary":"X-Origin, Referer, Origin,Accept-Encoding","date":"Mon, 26 Apr 2021 19:37:16 GMT","server":"ESF","cache-control":"private","x-xss-protection":"0","x-frame-options":"SAMEORIGIN","x-content-type-options":"nosniff","alt-svc":"h3-29=\":443\"; ma=2592000,h3-T051=\":443\"; ma=2592000,h3-Q050=\":443\"; ma=2592000,h3-Q046=\":443\"; ma=2592000,h3-Q043=\":443\"; ma=2592000,quic=\":443\"; ma=2592000; v=\"46,43\"","accept-ranges":"none","transfer-encoding":"chunked"}
[warn] !  functions: package.json indicates an outdated version of firebase-functions.
Please upgrade using npm install --save firebase-functions@latest in your functions directory. 
[info] 
[info] === Deploying to 'champions-youth'...
[info] 
[info] i  deploying hosting 
[debug] [2021-04-26T19:37:37.963Z] >>> HTTP REQUEST POST https://firebasehosting.googleapis.com/v1beta1/sites/champions-youth/versions  
 {"config":{"rewrites":[{"glob":"**","path":"/index.html"}]},"labels":{"deployment-tool":"cli-firebase"}}
[debug] [2021-04-26T19:38:55.539Z] Error: socket hang up
    at connResetException (internal/errors.js:570:14)
    at TLSSocket.socketOnEnd (_http_client.js:440:23)
    at TLSSocket.emit (events.js:215:7)
    at TLSSocket.EventEmitter.emit (domain.js:476:20)
    at endReadableNT (_stream_readable.js:1183:12)
    at processTicksAndRejections (internal/process/task_queues.js:80:21)
[error] 
[error] Error: Server Error. socket hang up
